Test H5_LDOUBLE_TO_LONG_SPECIAL Compile succeeded with the following output:
 Change Dir: 'C:/Users/User_VR4/Desktop/WORK/ProjectMobius/ProjectMobius/HDF5/Build/CMakeFiles/CMakeTmp'

Run Build Command(s): "C:/Program Files/Microsoft Visual Studio/2022/Community/MSBuild/Current/Bin/amd64/MSBuild.exe" cmTC_862e2.vcxproj /p:Configuration=Debug /p:Platform=x64 /p:VisualStudioVersion=17.0 /v:n
MSBuild version 17.10.4+10fbfbf2e for .NET Framework
Build started 1/10/2024 12:43:33 pm.

Project "C:\Users\User_VR4\Desktop\WORK\ProjectMobius\ProjectMobius\HDF5\Build\CMakeFiles\CMakeTmp\cmTC_862e2.vcxproj" on node 1 (default targets).
PrepareForBuild:
  Creating directory "cmTC_862e2.dir\Debug\".
  Structured output is enabled. The formatting of compiler diagnostics will reflect the error hierarchy. See https://aka.ms/cpp/structured-output for more details.
  Creating directory "C:\Users\User_VR4\Desktop\WORK\ProjectMobius\ProjectMobius\HDF5\Build\CMakeFiles\CMakeTmp\Debug\".
  Creating directory "cmTC_862e2.dir\Debug\cmTC_862e2.tlog\".
InitializeBuildStatus:
  Creating "cmTC_862e2.dir\Debug\cmTC_862e2.tlog\unsuccessfulbuild" because "AlwaysCreate" was specified.
  Touching "cmTC_862e2.dir\Debug\cmTC_862e2.tlog\unsuccessfulbuild".
ClCompile:
  C:\Program Files\Microsoft Visual Studio\2022\Community\VC\Tools\MSVC\14.40.33807\bin\HostX64\x64\CL.exe /c /Zi /W1 /WX- /diagnostics:column /Od /Ob0 /D _MBCS /D WIN32 /D _WINDOWS /D H5_LDOUBLE_TO_LONG_SPECIAL_TEST /D "CMAKE_INTDIR=\"Debug\"" /RTC1 /MDd /GS /fp:precise /Zc:wchar_t /Zc:forScope /Zc:inline /Fo"cmTC_862e2.dir\Debug\\" /Fd"cmTC_862e2.dir\Debug\vc143.pdb" /external:W1 /Gd /TC /errorReport:queue "C:\Users\User_VR4\Desktop\WORK\ProjectMobius\ProjectMobius\HDF5\hdf5-1.14.4-2\hdf5-1.14.4-2\config\cmake\ConversionTests.c"
  Microsoft (R) C/C++ Optimizing Compiler Version 19.40.33812 for x64
  Copyright (C) Microsoft Corporation.  All rights reserved.
  cl /c /Zi /W1 /WX- /diagnostics:column /Od /Ob0 /D _MBCS /D WIN32 /D _WINDOWS /D H5_LDOUBLE_TO_LONG_SPECIAL_TEST /D "CMAKE_INTDIR=\"Debug\"" /RTC1 /MDd /GS /fp:precise /Zc:wchar_t /Zc:forScope /Zc:inline /Fo"cmTC_862e2.dir\Debug\\" /Fd"cmTC_862e2.dir\Debug\vc143.pdb" /external:W1 /Gd /TC /errorReport:queue "C:\Users\User_VR4\Desktop\WORK\ProjectMobius\ProjectMobius\HDF5\hdf5-1.14.4-2\hdf5-1.14.4-2\config\cmake\ConversionTests.c"
  ConversionTests.c
Link:
  C:\Program Files\Microsoft Visual Studio\2022\Community\VC\Tools\MSVC\14.40.33807\bin\HostX64\x64\link.exe /ERRORREPORT:QUEUE /OUT:"C:\Users\User_VR4\Desktop\WORK\ProjectMobius\ProjectMobius\HDF5\Build\CMakeFiles\CMakeTmp\Debug\cmTC_862e2.exe" /INCREMENTAL /ILK:"cmTC_862e2.dir\Debug\cmTC_862e2.ilk" /NOLOGO kernel32.lib user32.lib gdi32.lib winspool.lib shell32.lib ole32.lib oleaut32.lib uuid.lib comdlg32.lib advapi32.lib /MANIFEST /MANIFESTUAC:"level='asInvoker' uiAccess='false'" /manifest:embed /DEBUG /PDB:"C:/Users/User_VR4/Desktop/WORK/ProjectMobius/ProjectMobius/HDF5/Build/CMakeFiles/CMakeTmp/Debug/cmTC_862e2.pdb" /SUBSYSTEM:CONSOLE /TLBID:1 /DYNAMICBASE /NXCOMPAT /IMPLIB:"C:/Users/User_VR4/Desktop/WORK/ProjectMobius/ProjectMobius/HDF5/Build/CMakeFiles/CMakeTmp/Debug/cmTC_862e2.lib" /MACHINE:X64  /machine:x64 cmTC_862e2.dir\Debug\ConversionTests.obj
  cmTC_862e2.vcxproj -> C:\Users\User_VR4\Desktop\WORK\ProjectMobius\ProjectMobius\HDF5\Build\CMakeFiles\CMakeTmp\Debug\cmTC_862e2.exe
FinalizeBuildStatus:
  Deleting file "cmTC_862e2.dir\Debug\cmTC_862e2.tlog\unsuccessfulbuild".
  Touching "cmTC_862e2.dir\Debug\cmTC_862e2.tlog\cmTC_862e2.lastbuildstate".
Done Building Project "C:\Users\User_VR4\Desktop\WORK\ProjectMobius\ProjectMobius\HDF5\Build\CMakeFiles\CMakeTmp\cmTC_862e2.vcxproj" (default targets).

Build succeeded.
    0 Warning(s)
    0 Error(s)

Time Elapsed 00:00:00.31


Test H5_LDOUBLE_TO_LONG_SPECIAL Run failed with exit code 1 and with the following output:
 
Test H5_LONG_TO_LDOUBLE_SPECIAL Compile succeeded with the following output:
 Change Dir: 'C:/Users/User_VR4/Desktop/WORK/ProjectMobius/ProjectMobius/HDF5/Build/CMakeFiles/CMakeTmp'

Run Build Command(s): "C:/Program Files/Microsoft Visual Studio/2022/Community/MSBuild/Current/Bin/amd64/MSBuild.exe" cmTC_b4897.vcxproj /p:Configuration=Debug /p:Platform=x64 /p:VisualStudioVersion=17.0 /v:n
MSBuild version 17.10.4+10fbfbf2e for .NET Framework
Build started 1/10/2024 12:43:33 pm.

Project "C:\Users\User_VR4\Desktop\WORK\ProjectMobius\ProjectMobius\HDF5\Build\CMakeFiles\CMakeTmp\cmTC_b4897.vcxproj" on node 1 (default targets).
PrepareForBuild:
  Creating directory "cmTC_b4897.dir\Debug\".
  Structured output is enabled. The formatting of compiler diagnostics will reflect the error hierarchy. See https://aka.ms/cpp/structured-output for more details.
  Creating directory "C:\Users\User_VR4\Desktop\WORK\ProjectMobius\ProjectMobius\HDF5\Build\CMakeFiles\CMakeTmp\Debug\".
  Creating directory "cmTC_b4897.dir\Debug\cmTC_b4897.tlog\".
InitializeBuildStatus:
  Creating "cmTC_b4897.dir\Debug\cmTC_b4897.tlog\unsuccessfulbuild" because "AlwaysCreate" was specified.
  Touching "cmTC_b4897.dir\Debug\cmTC_b4897.tlog\unsuccessfulbuild".
ClCompile:
  C:\Program Files\Microsoft Visual Studio\2022\Community\VC\Tools\MSVC\14.40.33807\bin\HostX64\x64\CL.exe /c /Zi /W1 /WX- /diagnostics:column /Od /Ob0 /D _MBCS /D WIN32 /D _WINDOWS /D H5_LONG_TO_LDOUBLE_SPECIAL_TEST /D "CMAKE_INTDIR=\"Debug\"" /RTC1 /MDd /GS /fp:precise /Zc:wchar_t /Zc:forScope /Zc:inline /Fo"cmTC_b4897.dir\Debug\\" /Fd"cmTC_b4897.dir\Debug\vc143.pdb" /external:W1 /Gd /TC /errorReport:queue "C:\Users\User_VR4\Desktop\WORK\ProjectMobius\ProjectMobius\HDF5\hdf5-1.14.4-2\hdf5-1.14.4-2\config\cmake\ConversionTests.c"
  Microsoft (R) C/C++ Optimizing Compiler Version 19.40.33812 for x64
  Copyright (C) Microsoft Corporation.  All rights reserved.
  cl /c /Zi /W1 /WX- /diagnostics:column /Od /Ob0 /D _MBCS /D WIN32 /D _WINDOWS /D H5_LONG_TO_LDOUBLE_SPECIAL_TEST /D "CMAKE_INTDIR=\"Debug\"" /RTC1 /MDd /GS /fp:precise /Zc:wchar_t /Zc:forScope /Zc:inline /Fo"cmTC_b4897.dir\Debug\\" /Fd"cmTC_b4897.dir\Debug\vc143.pdb" /external:W1 /Gd /TC /errorReport:queue "C:\Users\User_VR4\Desktop\WORK\ProjectMobius\ProjectMobius\HDF5\hdf5-1.14.4-2\hdf5-1.14.4-2\config\cmake\ConversionTests.c"
  ConversionTests.c
Link:
  C:\Program Files\Microsoft Visual Studio\2022\Community\VC\Tools\MSVC\14.40.33807\bin\HostX64\x64\link.exe /ERRORREPORT:QUEUE /OUT:"C:\Users\User_VR4\Desktop\WORK\ProjectMobius\ProjectMobius\HDF5\Build\CMakeFiles\CMakeTmp\Debug\cmTC_b4897.exe" /INCREMENTAL /ILK:"cmTC_b4897.dir\Debug\cmTC_b4897.ilk" /NOLOGO kernel32.lib user32.lib gdi32.lib winspool.lib shell32.lib ole32.lib oleaut32.lib uuid.lib comdlg32.lib advapi32.lib /MANIFEST /MANIFESTUAC:"level='asInvoker' uiAccess='false'" /manifest:embed /DEBUG /PDB:"C:/Users/User_VR4/Desktop/WORK/ProjectMobius/ProjectMobius/HDF5/Build/CMakeFiles/CMakeTmp/Debug/cmTC_b4897.pdb" /SUBSYSTEM:CONSOLE /TLBID:1 /DYNAMICBASE /NXCOMPAT /IMPLIB:"C:/Users/User_VR4/Desktop/WORK/ProjectMobius/ProjectMobius/HDF5/Build/CMakeFiles/CMakeTmp/Debug/cmTC_b4897.lib" /MACHINE:X64  /machine:x64 cmTC_b4897.dir\Debug\ConversionTests.obj
  cmTC_b4897.vcxproj -> C:\Users\User_VR4\Desktop\WORK\ProjectMobius\ProjectMobius\HDF5\Build\CMakeFiles\CMakeTmp\Debug\cmTC_b4897.exe
FinalizeBuildStatus:
  Deleting file "cmTC_b4897.dir\Debug\cmTC_b4897.tlog\unsuccessfulbuild".
  Touching "cmTC_b4897.dir\Debug\cmTC_b4897.tlog\cmTC_b4897.lastbuildstate".
Done Building Project "C:\Users\User_VR4\Desktop\WORK\ProjectMobius\ProjectMobius\HDF5\Build\CMakeFiles\CMakeTmp\cmTC_b4897.vcxproj" (default targets).

Build succeeded.
    0 Warning(s)
    0 Error(s)

Time Elapsed 00:00:00.31


Test H5_LONG_TO_LDOUBLE_SPECIAL Run failed with exit code 1 and with the following output:
 
Test H5_DISABLE_SOME_LDOUBLE_CONV Compile failed with the following output:
 Change Dir: 'C:/Users/User_VR4/Desktop/WORK/ProjectMobius/ProjectMobius/HDF5/Build/CMakeFiles/CMakeTmp'

Run Build Command(s): "C:/Program Files/Microsoft Visual Studio/2022/Community/MSBuild/Current/Bin/amd64/MSBuild.exe" cmTC_edac9.vcxproj /p:Configuration=Debug /p:Platform=x64 /p:VisualStudioVersion=17.0 /v:n
MSBuild version 17.10.4+10fbfbf2e for .NET Framework
Build started 1/10/2024 12:43:35 pm.

Project "C:\Users\User_VR4\Desktop\WORK\ProjectMobius\ProjectMobius\HDF5\Build\CMakeFiles\CMakeTmp\cmTC_edac9.vcxproj" on node 1 (default targets).
PrepareForBuild:
  Creating directory "cmTC_edac9.dir\Debug\".
  Structured output is enabled. The formatting of compiler diagnostics will reflect the error hierarchy. See https://aka.ms/cpp/structured-output for more details.
  Creating directory "C:\Users\User_VR4\Desktop\WORK\ProjectMobius\ProjectMobius\HDF5\Build\CMakeFiles\CMakeTmp\Debug\".
  Creating directory "cmTC_edac9.dir\Debug\cmTC_edac9.tlog\".
InitializeBuildStatus:
  Creating "cmTC_edac9.dir\Debug\cmTC_edac9.tlog\unsuccessfulbuild" because "AlwaysCreate" was specified.
  Touching "cmTC_edac9.dir\Debug\cmTC_edac9.tlog\unsuccessfulbuild".
ClCompile:
  C:\Program Files\Microsoft Visual Studio\2022\Community\VC\Tools\MSVC\14.40.33807\bin\HostX64\x64\CL.exe /c /Zi /W1 /WX- /diagnostics:column /Od /Ob0 /D _MBCS /D WIN32 /D _WINDOWS /D H5_DISABLE_SOME_LDOUBLE_CONV_TEST /D "CMAKE_INTDIR=\"Debug\"" /RTC1 /MDd /GS /fp:precise /Zc:wchar_t /Zc:forScope /Zc:inline /Fo"cmTC_edac9.dir\Debug\\" /Fd"cmTC_edac9.dir\Debug\vc143.pdb" /external:W1 /Gd /TC /errorReport:queue "C:\Users\User_VR4\Desktop\WORK\ProjectMobius\ProjectMobius\HDF5\hdf5-1.14.4-2\hdf5-1.14.4-2\config\cmake\ConversionTests.c"
  Microsoft (R) C/C++ Optimizing Compiler Version 19.40.33812 for x64
  Copyright (C) Microsoft Corporation.  All rights reserved.
  cl /c /Zi /W1 /WX- /diagnostics:column /Od /Ob0 /D _MBCS /D WIN32 /D _WINDOWS /D H5_DISABLE_SOME_LDOUBLE_CONV_TEST /D "CMAKE_INTDIR=\"Debug\"" /RTC1 /MDd /GS /fp:precise /Zc:wchar_t /Zc:forScope /Zc:inline /Fo"cmTC_edac9.dir\Debug\\" /Fd"cmTC_edac9.dir\Debug\vc143.pdb" /external:W1 /Gd /TC /errorReport:queue "C:\Users\User_VR4\Desktop\WORK\ProjectMobius\ProjectMobius\HDF5\hdf5-1.14.4-2\hdf5-1.14.4-2\config\cmake\ConversionTests.c"
  ConversionTests.c
C:\Users\User_VR4\Desktop\WORK\ProjectMobius\ProjectMobius\HDF5\hdf5-1.14.4-2\hdf5-1.14.4-2\config\cmake\ConversionTests.c(275,8): warning C4047: '=': 'FILE *' differs in levels of indirection from 'int' [C:\Users\User_VR4\Desktop\WORK\ProjectMobius\ProjectMobius\HDF5\Build\CMakeFiles\CMakeTmp\cmTC_edac9.vcxproj]
Link:
  C:\Program Files\Microsoft Visual Studio\2022\Community\VC\Tools\MSVC\14.40.33807\bin\HostX64\x64\link.exe /ERRORREPORT:QUEUE /OUT:"C:\Users\User_VR4\Desktop\WORK\ProjectMobius\ProjectMobius\HDF5\Build\CMakeFiles\CMakeTmp\Debug\cmTC_edac9.exe" /INCREMENTAL /ILK:"cmTC_edac9.dir\Debug\cmTC_edac9.ilk" /NOLOGO kernel32.lib user32.lib gdi32.lib winspool.lib shell32.lib ole32.lib oleaut32.lib uuid.lib comdlg32.lib advapi32.lib /MANIFEST /MANIFESTUAC:"level='asInvoker' uiAccess='false'" /manifest:embed /DEBUG /PDB:"C:/Users/User_VR4/Desktop/WORK/ProjectMobius/ProjectMobius/HDF5/Build/CMakeFiles/CMakeTmp/Debug/cmTC_edac9.pdb" /SUBSYSTEM:CONSOLE /TLBID:1 /DYNAMICBASE /NXCOMPAT /IMPLIB:"C:/Users/User_VR4/Desktop/WORK/ProjectMobius/ProjectMobius/HDF5/Build/CMakeFiles/CMakeTmp/Debug/cmTC_edac9.lib" /MACHINE:X64  /machine:x64 cmTC_edac9.dir\Debug\ConversionTests.obj
ConversionTests.obj : error LNK2019: unresolved external symbol popen referenced in function main [C:\Users\User_VR4\Desktop\WORK\ProjectMobius\ProjectMobius\HDF5\Build\CMakeFiles\CMakeTmp\cmTC_edac9.vcxproj]
ConversionTests.obj : error LNK2019: unresolved external symbol pclose referenced in function main [C:\Users\User_VR4\Desktop\WORK\ProjectMobius\ProjectMobius\HDF5\Build\CMakeFiles\CMakeTmp\cmTC_edac9.vcxproj]
C:\Users\User_VR4\Desktop\WORK\ProjectMobius\ProjectMobius\HDF5\Build\CMakeFiles\CMakeTmp\Debug\cmTC_edac9.exe : fatal error LNK1120: 2 unresolved externals [C:\Users\User_VR4\Desktop\WORK\ProjectMobius\ProjectMobius\HDF5\Build\CMakeFiles\CMakeTmp\cmTC_edac9.vcxproj]
Done Building Project "C:\Users\User_VR4\Desktop\WORK\ProjectMobius\ProjectMobius\HDF5\Build\CMakeFiles\CMakeTmp\cmTC_edac9.vcxproj" (default targets) -- FAILED.

Build FAILED.

"C:\Users\User_VR4\Desktop\WORK\ProjectMobius\ProjectMobius\HDF5\Build\CMakeFiles\CMakeTmp\cmTC_edac9.vcxproj" (default target) (1) ->
(ClCompile target) -> 
  C:\Users\User_VR4\Desktop\WORK\ProjectMobius\ProjectMobius\HDF5\hdf5-1.14.4-2\hdf5-1.14.4-2\config\cmake\ConversionTests.c(275,8): warning C4047: '=': 'FILE *' differs in levels of indirection from 'int' [C:\Users\User_VR4\Desktop\WORK\ProjectMobius\ProjectMobius\HDF5\Build\CMakeFiles\CMakeTmp\cmTC_edac9.vcxproj]


"C:\Users\User_VR4\Desktop\WORK\ProjectMobius\ProjectMobius\HDF5\Build\CMakeFiles\CMakeTmp\cmTC_edac9.vcxproj" (default target) (1) ->
(Link target) -> 
  ConversionTests.obj : error LNK2019: unresolved external symbol popen referenced in function main [C:\Users\User_VR4\Desktop\WORK\ProjectMobius\ProjectMobius\HDF5\Build\CMakeFiles\CMakeTmp\cmTC_edac9.vcxproj]
  ConversionTests.obj : error LNK2019: unresolved external symbol pclose referenced in function main [C:\Users\User_VR4\Desktop\WORK\ProjectMobius\ProjectMobius\HDF5\Build\CMakeFiles\CMakeTmp\cmTC_edac9.vcxproj]
  C:\Users\User_VR4\Desktop\WORK\ProjectMobius\ProjectMobius\HDF5\Build\CMakeFiles\CMakeTmp\Debug\cmTC_edac9.exe : fatal error LNK1120: 2 unresolved externals [C:\Users\User_VR4\Desktop\WORK\ProjectMobius\ProjectMobius\HDF5\Build\CMakeFiles\CMakeTmp\cmTC_edac9.vcxproj]

    1 Warning(s)
    3 Error(s)

Time Elapsed 00:00:00.30


